execve("./a.out", ["./a.out"], [/* 101 vars */]) = 0
brk(NULL)                               = 0x1351000
mmap(NULL, 8192, PROT_READ|PROT_WRITE, MAP_PRIVATE|MAP_ANONYMOUS, -1, 0) = 0x7f3caa866000
access("/etc/ld.so.preload", R_OK)      = -1 ENOENT (No such file or directory)
open("/etc/ld.so.cache", O_RDONLY|O_CLOEXEC) = 3
fstat(3, {st_mode=S_IFREG|0644, st_size=203988, ...}) = 0
mmap(NULL, 203988, PROT_READ, MAP_PRIVATE, 3, 0) = 0x7f3caa834000
close(3)                                = 0
open("/lib64/libc.so.6", O_RDONLY|O_CLOEXEC) = 3
read(3, "\177ELF\2\1\1\3\0\0\0\0\0\0\0\0\3\0>\0\1\0\0\0\260\3\2\0\0\0\0\0"..., 832) = 832
fstat(3, {st_mode=S_IFREG|0755, st_size=1912304, ...}) = 0
mmap(NULL, 3795328, PROT_READ|PROT_EXEC, MAP_PRIVATE|MAP_DENYWRITE, 3, 0) = 0x7f3caa2a7000
mprotect(0x7f3caa43d000, 2093056, PROT_NONE) = 0
mmap(0x7f3caa63c000, 24576, PROT_READ|PROT_WRITE, MAP_PRIVATE|MAP_FIXED|MAP_DENYWRITE, 3, 0x195000) = 0x7f3caa63c000
mmap(0x7f3caa642000, 14720, PROT_READ|PROT_WRITE, MAP_PRIVATE|MAP_FIXED|MAP_ANONYMOUS, -1, 0) = 0x7f3caa642000
close(3)                                = 0
mmap(NULL, 8192, PROT_READ|PROT_WRITE, MAP_PRIVATE|MAP_ANONYMOUS, -1, 0) = 0x7f3caa832000
arch_prctl(ARCH_SET_FS, 0x7f3caa832700) = 0
mprotect(0x7f3caa63c000, 16384, PROT_READ) = 0
mprotect(0x602000, 4096, PROT_READ)     = 0
mprotect(0x7f3caa868000, 4096, PROT_READ) = 0
munmap(0x7f3caa834000, 203988)          = 0
mknod("/home/mohammad/Desktop/mknod", 0142) = -1 EEXIST (File exists)
lseek(2, 2, SEEK_END)                   = -1 ESPIPE (Illegal seek)
fstat(0, NULL)                          = -1 EFAULT (Bad address)
mount(NULL, NULL, NULL, 0, NULL)        = -1 EFAULT (Bad address)
faccessat(0, NULL, F_OK)                = -1 EFAULT (Bad address)
dup(-100)                               = -1 EBADF (Bad file descriptor)
pipe([3, 4])                            = 0
umount2("/home/nothing", 0)             = -1 EPERM (Operation not permitted)
ioctl(-1, _IOC(_IOC_READ|_IOC_WRITE, 0xfc, 0x18, 0x3fff), 0xffffffffffffff98) = -1 EBADF (Bad file descriptor)
fcntl(-1, 0xffffffff /* F_??? */, 0xffffffffffffff98) = -1 EBADF (Bad file descriptor)
umask(0777)                             = 022
chroot(NULL)                            = -1 EFAULT (Bad address)
dup2(-100, -200)                        = -1 EBADF (Bad file descriptor)
readlink("/sss", NULL, 6)               = -1 ENOENT (No such file or directory)
readlinkat(-10, "/sss", NULL, 6)        = -1 ENOENT (No such file or directory)
swapon("/sssss", SWAP_FLAG_PREFER|SWAP_FLAG_DISCARD|SWAP_FLAG_DISCARD_ONCE|SWAP_FLAG_DISCARD_PAGES|0xfff80000|32668) = -1 EINVAL (Invalid argument)
swapoff("/sssssss")                     = -1 EPERM (Operation not permitted)
truncate("/sssss", 100)                 = -1 ENOENT (No such file or directory)
ftruncate(-1000, 18446744073709551516)  = -1 EINVAL (Invalid argument)
chmod("/ddddd", 0144)                   = -1 ENOENT (No such file or directory)
fchmod(-1000, 0144)                     = -1 EBADF (Bad file descriptor)
statfs("/ss", NULL)                     = -1 ENOENT (No such file or directory)
fstatfs(-100, NULL)                     = -1 EBADF (Bad file descriptor)
ioperm(0xffffffffffffd8f0, 0xfffffffffffe7960, -100000) = -1 EINVAL (Invalid argument)
iopl(-1000)                             = -1 EINVAL (Invalid argument)
fsync(-1000)                            = -1 EBADF (Bad file descriptor)
fdatasync(-1000)                        = -1 EBADF (Bad file descriptor)
quotactl(QCMD(0xffffff /* Q_??? */, 0x9c /* ???QUOTA */), NULL, 4294967196, NULL) = -1 ENODEV (No such device)
chdir(NULL)                             = -1 EFAULT (Bad address)
fchdir(-100)                            = -1 EBADF (Bad file descriptor)
lseek(-100, 10, 0xfffffff6 /* SEEK_??? */) = -1 EBADF (Bad file descriptor)
select(-10, NULL, NULL, NULL, NULL)     = -1 EINVAL (Invalid argument)
flock(-100, LOCK_NB|LOCK_UN|LOCK_WRITE|0xffffff10) = -1 EBADF (Bad file descriptor)
msync(NULL, 100, MS_SYNC|0x60)          = -1 EINVAL (Invalid argument)
readv(-10, NULL, 4294967286)            = -1 EBADF (Bad file descriptor)
writev(-10, NULL, 4294967286)           = -1 EBADF (Bad file descriptor)
preadv(-10, NULL, 4294967286, -10)      = -1 EINVAL (Invalid argument)
pwritev(-10, NULL, 4294967286, -10)     = -1 EINVAL (Invalid argument)
poll(NULL, 4294967286, -10)             = -1 EINVAL (Invalid argument)
pread64(-10, NULL, 18446744073709551606, -10) = -1 EINVAL (Invalid argument)
pwrite64(-10, NULL, 18446744073709551606, -10) = -1 EINVAL (Invalid argument)
sendfile(-10, -10, NULL, 18446744073709551606) = -1 EBADF (Bad file descriptor)
stat(NULL, NULL)                        = -1 EFAULT (Bad address)
lstat(NULL, NULL)                       = -1 EFAULT (Bad address)
chown(NULL, 4294967196, 4294967196)     = -1 EFAULT (Bad address)
fchown(-10, 4294967286, 4294967286)     = -1 EBADF (Bad file descriptor)
lchown(NULL, 4294967286, 4294967286)    = -1 EFAULT (Bad address)
readahead(-10, 0, 0)                    = -1 EBADF (Bad file descriptor)
io_setup(0, NULL)                       = -1 EFAULT (Bad address)
io_destroy(NULL)                        = -1 EINVAL (Invalid argument)
io_getevents(0xffffffffffffff98, -104, -104, 0x400000003, 0x400000003) = -1 EINVAL (Invalid argument)
io_submit(0xffffffffffffff98, -104, 0xffffffffffffff98) = -1 EINVAL (Invalid argument)
io_cancel(0xffffffffffffff98, 0xffffffffffffff98, 0xffffffffffffff98) = -1 EFAULT (Bad address)
fadvise64(-100, -10, 18446744073709551606, 0xfffffff6 /* POSIX_FADV_??? */) = -1 EBADF (Bad file descriptor)
epoll_create(-10)                       = -1 EINVAL (Invalid argument)
epoll_create1(EPOLL_CLOEXEC|0xfff7ffed) = -1 EINVAL (Invalid argument)
epoll_ctl(-100, 0xffffff9c /* EPOLL_CTL_??? */, -1000, NULL) = -1 EFAULT (Bad address)
epoll_wait(-100, NULL, -100, -100)      = -1 EINVAL (Invalid argument)
epoll_pwait(-100, NULL, -100, -10, NULL, 8) = -1 EINVAL (Invalid argument)
ioprio_get(0 /* IOPRIO_WHO_??? */, -104) = -1 EINVAL (Invalid argument)
ioprio_set(0xffffff98 /* IOPRIO_WHO_??? */, -1439103696, IOPRIO_PRIO_VALUE(0x7ffff /* IOPRIO_CLASS_??? */, 8088)) = -1 EINVAL (Invalid argument)
inotify_add_watch(-10, NULL, IN_MODIFY|IN_ATTRIB|IN_CLOSE_NOWRITE|IN_OPEN|IN_MOVED_FROM|IN_MOVED_TO|IN_CREATE|IN_DELETE|IN_DELETE_SELF|IN_MOVE_SELF|IN_UNMOUNT|IN_Q_OVERFLOW|IN_IGNORED|IN_ONLYDIR|IN_DONT_FOLLOW|IN_EXCL_UNLINK|IN_MASK_ADD|IN_ISDIR|IN_ONESHOT|0x18ff1000) = -1 EINVAL (Invalid argument)
inotify_rm_watch(-100, -100)            = -1 EBADF (Bad file descriptor)
unlinkat(-10, NULL, AT_SYMLINK_NOFOLLOW|AT_REMOVEDIR|AT_SYMLINK_FOLLOW|AT_NO_AUTOMOUNT|AT_EMPTY_PATH|0xffffe0f6) = -1 EINVAL (Invalid argument)
renameat(-10, NULL, -10, NULL)          = -1 EFAULT (Bad address)
rename(NULL, NULL)                      = -1 EFAULT (Bad address)
link(NULL, NULL)                        = -1 EFAULT (Bad address)
linkat(-10, NULL, -10, NULL, AT_SYMLINK_NOFOLLOW|AT_REMOVEDIR|AT_SYMLINK_FOLLOW|AT_NO_AUTOMOUNT|AT_EMPTY_PATH|0xffffe0f6) = -1 EINVAL (Invalid argument)
symlinkat(NULL, -10, NULL)              = -1 EFAULT (Bad address)
symlink(NULL, NULL)                     = -1 EFAULT (Bad address)
readlink(NULL, NULL, 10)                = -1 EFAULT (Bad address)
readlinkat(-10, NULL, NULL, 18446744073709551606) = -1 EINVAL (Invalid argument)
chmod(NULL, 01411)                      = -1 EFAULT (Bad address)
fchmod(-10, 01411)                      = -1 EBADF (Bad file descriptor)
access(NULL, R_OK|W_OK|0xfffffff0)      = -1 EINVAL (Invalid argument)
sync_file_range(-10, 777, -104, SYNC_FILE_RANGE_WRITE|SYNC_FILE_RANGE_WAIT_AFTER|0xfffffff0) = -1 EINVAL (Invalid argument)
splice(777, 0xffffffffffffff98, -104, 0x400000003, 17179869187, SPLICE_F_MOVE|SPLICE_F_NONBLOCK) = -1 EBADF (Bad file descriptor)
tee(-104, -104, 18446744073709551512, SPLICE_F_MOVE|SPLICE_F_NONBLOCK) = -1 EBADF (Bad file descriptor)
open(0xffffffffffffff98, O_RDONLY|O_EXCL|O_NOCTTY|O_TRUNC|O_APPEND|O_NONBLOCK|O_SYNC|O_ASYNC|O_DIRECT|O_LARGEFILE|O_DIRECTORY|O_NOFOLLOW|O_NOATIME|O_CLOEXEC|O_PATH|O_TMPFILE|0xff800018, 0177630) = -1 EINVAL (Invalid argument)
creat(0xffffffffffffff98, 0177630)      = -1 EFAULT (Bad address)
openat(-104, 0xffffffffffffff98, O_RDONLY|O_EXCL|O_NOCTTY|O_TRUNC|O_APPEND|O_NONBLOCK|O_SYNC|O_ASYNC|O_DIRECT|O_LARGEFILE|O_DIRECTORY|O_NOFOLLOW|O_NOATIME|O_CLOEXEC|O_PATH|O_TMPFILE|0xff800018, 003) = -1 EINVAL (Invalid argument)
mkdir(0xffffffffffffff98, 0177630)      = -1 EFAULT (Bad address)
mkdirat(-104, 0xffffffffffffff98, 0177630) = -1 EFAULT (Bad address)
mknod(0xffffffffffffff98, 0177630)      = -1 EINVAL (Invalid argument)
mknodat(-104, 0xffffffffffffff98, 0177630) = -1 EINVAL (Invalid argument)
chown(0xffffffffffffff98, 4294967192, 4294967192) = -1 EFAULT (Bad address)
fchown(-104, 4294967192, 4294967192)    = -1 EBADF (Bad file descriptor)
lchown(0xffffffffffffff98, 4294967192, 4294967192) = -1 EFAULT (Bad address)
fchownat(-104, 0xffffffffffffff98, 4294967192, 3, 0x3 /* AT_??? */) = -1 EINVAL (Invalid argument)
exit_group(0)                           = ?
+++ exited with 0 +++

